<?xml version="1.0" encoding="UTF-8"?>
<testsuite name="info.touret.apiversionning.configserver.ConfigServerApplicationTests" tests="1" skipped="0" failures="0" errors="0" timestamp="2022-11-02T17:08:16" hostname="WL-941Y493" time="0.299">
  <properties/>
  <testcase name="contextLoads()" classname="info.touret.apiversionning.configserver.ConfigServerApplicationTests" time="0.299"/>
  <system-out><![CDATA[18:08:13.357 [Test worker] DEBUG org.springframework.test.context.BootstrapUtils - Instantiating CacheAwareContextLoaderDelegate from class [org.springframework.test.context.cache.DefaultCacheAwareContextLoaderDelegate]
18:08:13.365 [Test worker] DEBUG org.springframework.test.context.BootstrapUtils - Instantiating BootstrapContext using constructor [public org.springframework.test.context.support.DefaultBootstrapContext(java.lang.Class,org.springframework.test.context.CacheAwareContextLoaderDelegate)]
18:08:13.393 [Test worker] DEBUG org.springframework.test.context.BootstrapUtils - Instantiating TestContextBootstrapper for test class [info.touret.apiversionning.configserver.ConfigServerApplicationTests] from class [org.springframework.boot.test.context.SpringBootTestContextBootstrapper]
18:08:13.401 [Test worker] INFO org.springframework.boot.test.context.SpringBootTestContextBootstrapper - Neither @ContextConfiguration nor @ContextHierarchy found for test class [info.touret.apiversionning.configserver.ConfigServerApplicationTests], using SpringBootContextLoader
18:08:13.404 [Test worker] DEBUG org.springframework.test.context.support.AbstractContextLoader - Did not detect default resource location for test class [info.touret.apiversionning.configserver.ConfigServerApplicationTests]: class path resource [info/touret/apiversionning/configserver/ConfigServerApplicationTests-context.xml] does not exist
18:08:13.404 [Test worker] DEBUG org.springframework.test.context.support.AbstractContextLoader - Did not detect default resource location for test class [info.touret.apiversionning.configserver.ConfigServerApplicationTests]: class path resource [info/touret/apiversionning/configserver/ConfigServerApplicationTestsContext.groovy] does not exist
18:08:13.405 [Test worker] INFO org.springframework.test.context.support.AbstractContextLoader - Could not detect default resource locations for test class [info.touret.apiversionning.configserver.ConfigServerApplicationTests]: no resource found for suffixes {-context.xml, Context.groovy}.
18:08:13.405 [Test worker] INFO org.springframework.test.context.support.AnnotationConfigContextLoaderUtils - Could not detect default configuration classes for test class [info.touret.apiversionning.configserver.ConfigServerApplicationTests]: ConfigServerApplicationTests does not declare any static, non-private, non-final, nested classes annotated with @Configuration.
18:08:13.441 [Test worker] DEBUG org.springframework.test.context.support.ActiveProfilesUtils - Could not find an 'annotation declaring class' for annotation type [org.springframework.test.context.ActiveProfiles] and class [info.touret.apiversionning.configserver.ConfigServerApplicationTests]
18:08:13.480 [Test worker] DEBUG org.springframework.context.annotation.ClassPathScanningCandidateComponentProvider - Identified candidate component class: file [/home/a696618/dev/src/rest-apis-versionning-workshop/config-server/build/classes/java/main/info/touret/apiversionning/configserver/ConfigServerApplication.class]
18:08:13.481 [Test worker] INFO org.springframework.boot.test.context.SpringBootTestContextBootstrapper - Found @SpringBootConfiguration info.touret.apiversionning.configserver.ConfigServerApplication for test class info.touret.apiversionning.configserver.ConfigServerApplicationTests
18:08:13.546 [Test worker] DEBUG org.springframework.boot.test.context.SpringBootTestContextBootstrapper - @TestExecutionListeners is not present for class [info.touret.apiversionning.configserver.ConfigServerApplicationTests]: using defaults.
18:08:13.547 [Test worker] INFO org.springframework.boot.test.context.SpringBootTestContextBootstrapper - Loaded default TestExecutionListener class names from location [META-INF/spring.factories]: [org.springframework.boot.test.autoconfigure.restdocs.RestDocsTestExecutionListener, org.springframework.boot.test.autoconfigure.web.client.MockRestServiceServerResetTestExecutionListener, org.springframework.boot.test.autoconfigure.web.servlet.MockMvcPrintOnlyOnFailureTestExecutionListener, org.springframework.boot.test.autoconfigure.web.servlet.WebDriverTestExecutionListener, org.springframework.boot.test.autoconfigure.webservices.client.MockWebServiceServerTestExecutionListener, org.springframework.boot.test.mock.mockito.MockitoTestExecutionListener, org.springframework.boot.test.mock.mockito.ResetMocksTestExecutionListener, org.springframework.test.context.web.ServletTestExecutionListener, org.springframework.test.context.support.DirtiesContextBeforeModesTestExecutionListener, org.springframework.test.context.event.ApplicationEventsTestExecutionListener, org.springframework.test.context.support.DependencyInjectionTestExecutionListener, org.springframework.test.context.support.DirtiesContextTestExecutionListener, org.springframework.test.context.transaction.TransactionalTestExecutionListener, org.springframework.test.context.jdbc.SqlScriptsTestExecutionListener, org.springframework.test.context.event.EventPublishingTestExecutionListener]
18:08:13.553 [Test worker] DEBUG org.springframework.boot.test.context.SpringBootTestContextBootstrapper - Skipping candidate TestExecutionListener [org.springframework.test.context.transaction.TransactionalTestExecutionListener] due to a missing dependency. Specify custom listener classes or make the default listener classes and their required dependencies available. Offending class: [org/springframework/transaction/interceptor/TransactionAttributeSource]
18:08:13.553 [Test worker] DEBUG org.springframework.boot.test.context.SpringBootTestContextBootstrapper - Skipping candidate TestExecutionListener [org.springframework.test.context.jdbc.SqlScriptsTestExecutionListener] due to a missing dependency. Specify custom listener classes or make the default listener classes and their required dependencies available. Offending class: [org/springframework/transaction/interceptor/TransactionAttribute]
18:08:13.554 [Test worker] INFO org.springframework.boot.test.context.SpringBootTestContextBootstrapper - Using TestExecutionListeners: [org.springframework.test.context.web.ServletTestExecutionListener@7e3060d8, org.springframework.test.context.support.DirtiesContextBeforeModesTestExecutionListener@293d0107, org.springframework.test.context.event.ApplicationEventsTestExecutionListener@2692b61e, org.springframework.boot.test.mock.mockito.MockitoTestExecutionListener@7b64240d, org.springframework.boot.test.autoconfigure.SpringBootDependencyInjectionTestExecutionListener@62fad19, org.springframework.test.context.support.DirtiesContextTestExecutionListener@47dbb1e2, org.springframework.test.context.event.EventPublishingTestExecutionListener@74cadd41, org.springframework.boot.test.autoconfigure.restdocs.RestDocsTestExecutionListener@2e54db99, org.springframework.boot.test.autoconfigure.web.client.MockRestServiceServerResetTestExecutionListener@55e8ec2f, org.springframework.boot.test.autoconfigure.web.servlet.MockMvcPrintOnlyOnFailureTestExecutionListener@4f2613d1, org.springframework.boot.test.autoconfigure.web.servlet.WebDriverTestExecutionListener@6d24ffa1, org.springframework.boot.test.autoconfigure.webservices.client.MockWebServiceServerTestExecutionListener@65a4798f, org.springframework.boot.test.mock.mockito.ResetMocksTestExecutionListener@773f7880]
18:08:13.557 [Test worker] DEBUG org.springframework.test.context.support.AbstractDirtiesContextTestExecutionListener - Before test class: context [DefaultTestContext@1c55f277 testClass = ConfigServerApplicationTests, testInstance = [null], testMethod = [null], testException = [null], mergedContextConfiguration = [WebMergedContextConfiguration@5ddabb18 testClass = ConfigServerApplicationTests, locations = '{}', classes = '{class info.touret.apiversionning.configserver.ConfigServerApplication}', contextInitializerClasses = '[]', activeProfiles = '{}', propertySourceLocations = '{}', propertySourceProperties = '{org.springframework.boot.test.context.SpringBootTestContextBootstrapper=true}', contextCustomizers = set[org.springframework.boot.test.autoconfigure.actuate.metrics.MetricsExportContextCustomizerFactory$DisableMetricExportContextCustomizer@41e68d87, org.springframework.boot.test.autoconfigure.properties.PropertyMappingContextCustomizer@0, org.springframework.boot.test.autoconfigure.web.servlet.WebDriverContextCustomizerFactory$Customizer@39a2bb97, org.springframework.boot.test.context.filter.ExcludeFilterContextCustomizer@554e218, org.springframework.boot.test.json.DuplicateJsonObjectContextCustomizerFactory$DuplicateJsonObjectContextCustomizer@5812f68b, org.springframework.boot.test.mock.mockito.MockitoContextCustomizer@0, org.springframework.boot.test.web.client.TestRestTemplateContextCustomizer@5a1de7fb, org.springframework.boot.test.context.SpringBootTestArgs@1, org.springframework.boot.test.context.SpringBootTestWebEnvironment@f381794], resourceBasePath = 'src/main/webapp', contextLoader = 'org.springframework.boot.test.context.SpringBootContextLoader', parent = [null]], attributes = map['org.springframework.test.context.web.ServletTestExecutionListener.activateListener' -> true]], class annotated with @DirtiesContext [false] with mode [null].

  .   ____          _            __ _ _
 /\\ / ___'_ __ _ _(_)_ __  __ _ \ \ \ \
( ( )\___ | '_ | '_| | '_ \/ _` | \ \ \ \
 \\/  ___)| |_)| | | | | || (_| |  ) ) ) )
  '  |____| .__|_| |_|_| |_\__, | / / / /
 =========|_|==============|___/=/_/_/_/
 :: Spring Boot ::                (v2.7.5)

2022-11-02 18:08:13.878  INFO 44348 --- [    Test worker] i.t.a.c.ConfigServerApplicationTests     : Starting ConfigServerApplicationTests using Java 17.0.4 on WL-941Y493 with PID 44348 (started by a696618 in /home/a696618/dev/src/rest-apis-versionning-workshop/config-server)
2022-11-02 18:08:13.879  INFO 44348 --- [    Test worker] i.t.a.c.ConfigServerApplicationTests     : The following 1 profile is active: "native"
2022-11-02 18:08:14.717  INFO 44348 --- [    Test worker] o.s.cloud.context.scope.GenericScope     : BeanFactory id=3054d960-139a-3692-b9c2-044379a0f9fd
2022-11-02 18:08:14.898  INFO 44348 --- [    Test worker] trationDelegate$BeanPostProcessorChecker : Bean 'io.opentracing.contrib.spring.cloud.async.DefaultAsyncAutoConfiguration' of type [io.opentracing.contrib.spring.cloud.async.DefaultAsyncAutoConfiguration$$EnhancerBySpringCGLIB$$34714a8e] is not eligible for getting processed by all BeanPostProcessors (for example: not eligible for auto-proxying)
2022-11-02 18:08:15.509  INFO 44348 --- [    Test worker] o.c.s.w.s.ServerTracingAutoConfiguration : Creating WebMvcConfigurer bean with class io.opentracing.contrib.spring.web.interceptor.TracingHandlerInterceptor
2022-11-02 18:08:16.159  INFO 44348 --- [    Test worker] o.c.s.w.s.ServerTracingAutoConfiguration : Creating FilterRegistrationBean bean with TracingFilter mapped to [], skip pattern is "/api-docs.*|/swagger.*|.*\.png|.*\.css|.*\.js|.*\.html|/favicon.ico|/hystrix.stream"
2022-11-02 18:08:16.895  INFO 44348 --- [    Test worker] i.t.a.c.ConfigServerApplicationTests     : Started ConfigServerApplicationTests in 3.31 seconds (JVM running for 4.102)
]]></system-out>
  <system-err><![CDATA[]]></system-err>
</testsuite>
